TN:
SF:src/App.tsx
FN:6,App
FN:21,onClick
FNF:2
FNH:2
FNDA:14,App
FNDA:4,onClick
DA:1,1
DA:2,1
DA:3,1
DA:4,1
DA:6,14
DA:7,14
DA:9,14
DA:10,14
DA:11,14
DA:12,14
DA:13,14
DA:15,14
DA:16,14
DA:19,14
DA:20,14
DA:21,14
DA:22,14
DA:24,14
DA:25,14
DA:28,14
DA:33,14
DA:35,1
LF:22
LH:22
BRDA:6,0,0,14
BRDA:21,1,0,4
BRDA:21,2,0,4
BRF:3
BRH:3
end_of_record
TN:
SF:src/main.tsx
FN:1,(empty-report)
FNF:1
FNH:0
FNDA:0,(empty-report)
DA:1,0
DA:2,0
DA:3,0
DA:4,0
DA:6,0
DA:7,0
DA:8,0
LF:7
LH:0
BRDA:1,0,0,0
BRF:1
BRH:0
end_of_record
TN:
SF:src/test/setup.d.ts
FN:1,(empty-report)
FNF:1
FNH:0
FNDA:0,(empty-report)
DA:1,0
LF:1
LH:0
BRDA:1,0,0,0
BRF:1
BRH:0
end_of_record
