TN:
SF:src/App.tsx
FN:7,App
FN:22,onClick
FNF:2
FNH:2
FNDA:15,App
FNDA:4,onClick
DA:1,1
DA:2,1
DA:3,1
DA:4,1
DA:5,1
DA:7,15
DA:8,15
DA:10,15
DA:11,15
DA:12,15
DA:13,15
DA:14,15
DA:16,15
DA:17,15
DA:20,15
DA:21,15
DA:22,15
DA:23,15
DA:25,15
DA:26,15
DA:27,15
DA:28,15
DA:29,15
DA:30,15
DA:32,15
DA:33,15
DA:36,15
DA:41,15
DA:43,1
LF:29
LH:29
BRDA:7,0,0,15
BRDA:22,1,0,4
BRDA:22,2,0,4
BRF:3
BRH:3
end_of_record
TN:
SF:src/main.tsx
FN:1,(empty-report)
FNF:1
FNH:0
FNDA:0,(empty-report)
DA:1,0
DA:2,0
DA:3,0
DA:4,0
DA:6,0
DA:7,0
DA:8,0
LF:7
LH:0
BRDA:1,0,0,0
BRF:1
BRH:0
end_of_record
TN:
SF:src/components/Button.tsx
FN:10,Button
FNF:1
FNH:1
FNDA:111,Button
DA:10,1
DA:11,111
DA:12,111
DA:13,111
DA:14,111
DA:15,111
DA:16,111
DA:17,111
DA:18,111
DA:19,111
DA:21,111
DA:22,111
DA:23,111
DA:24,111
DA:25,111
DA:27,111
DA:28,111
DA:29,111
DA:30,111
DA:31,111
DA:33,111
DA:34,111
DA:36,111
DA:37,111
DA:38,111
DA:39,111
DA:40,111
DA:41,111
DA:42,111
DA:43,111
DA:45,111
DA:46,111
DA:47,111
DA:48,111
DA:49,111
DA:50,111
DA:52,111
DA:53,19
DA:54,19
DA:55,19
DA:56,19
DA:57,19
DA:58,19
DA:59,19
DA:61,19
DA:62,19
DA:63,19
DA:64,19
DA:65,19
DA:66,19
DA:67,19
DA:69,19
DA:70,19
DA:71,19
DA:72,19
DA:74,19
DA:78,19
DA:82,111
DA:84,1
LF:59
LH:59
BRDA:10,0,0,111
BRDA:40,1,0,93
BRDA:40,2,0,37
BRDA:41,3,0,19
BRDA:48,4,0,93
BRDA:49,5,0,93
BRDA:52,6,0,19
BRDA:78,7,0,92
BRF:8
BRH:8
end_of_record
TN:
SF:src/test/setup.d.ts
FN:1,(empty-report)
FNF:1
FNH:0
FNDA:0,(empty-report)
DA:1,0
LF:1
LH:0
BRDA:1,0,0,0
BRF:1
BRH:0
end_of_record
